<?xml version="1.0" encoding="UTF-8"?>
<!-- Generated by org.testng.reporters.JUnitXMLReporter -->
<testsuite hostname="IQA-AnilKumar" tests="5" failures="0" timestamp="8 Dec 2017 06:16:28 GMT" time="6.854" errors="0">
  <testcase name="Test12" time="0.004" classname="TestNG_1"/>
  <testcase name="Test1" time="0.001" classname="TestNG_1"/>
  <testcase name="Test2" time="0.0" classname="TestNG_1"/>
  <testcase name="Test3" time="0.001" classname="TestNG_1"/>
  <testcase name="Test4" time="0.0" classname="TestNG_1"/>
</testsuite>
