<?xml version="1.0" encoding="UTF-8"?>
<!-- Generated by org.testng.reporters.JUnitXMLReporter -->
<testsuite hostname="IQA-AnilKumar" tests="5" failures="0" timestamp="8 Dec 2017 08:47:54 GMT" time="6.694" errors="0">
  <testcase name="Test12" time="0.005" classname="TestNG_1"/>
  <testcase name="Test1" time="0.001" classname="TestNG_1"/>
  <testcase name="Test2" time="0.001" classname="TestNG_1"/>
  <testcase name="Test3" time="0.0" classname="TestNG_1"/>
  <testcase name="Test4" time="0.001" classname="TestNG_1"/>
</testsuite>
