<?xml version="1.0" encoding="UTF-8"?>
<testng-results skipped="0" failed="0" total="0" passed="0">
  <reporter-output>
  </reporter-output>
  <suite name="demo.demo_1.AppTest" duration-ms="3" started-at="2017-12-07T11:52:53Z" finished-at="2017-12-07T11:52:53Z">
    <groups>
    </groups>
    <test name="Command line test" duration-ms="3" started-at="2017-12-07T11:52:53Z" finished-at="2017-12-07T11:52:53Z">
    </test> <!-- Command line test -->
  </suite> <!-- demo.demo_1.AppTest -->
</testng-results>
